2021-04-21 09:30:30 INFO  EmailServiceImpl:78 - ID: 16025. Recipient address rejected: Access denied. Incorrect email: example@mail.ru
2021-04-21 09:30:30 INFO  EmailServiceImpl:68 - ID: 14531. Incorrect email: _@_.__dani.lk
2021-04-21 09:30:30 INFO  EmailServiceImpl:68 - ID: 14594. Incorrect email: 7(916)124-60-64@mail.ru
2021-04-21 09:30:30 INFO  EmailServiceImpl:68 - ID: 14595. Incorrect email: irinavoennova @email.ru
2021-04-21 09:30:30 INFO  EmailServiceImpl:78 - ID: 14616. Recipient address rejected: Access denied. Incorrect email: pecenina86@mail.ru
2021-04-21 09:30:30 INFO  EmailServiceImpl:78 - ID: 16029. Recipient address rejected: Access denied. Incorrect email: ananeva.vv@mail.ru
2021-04-21 09:30:31 INFO  EmailServiceImpl:78 - ID: 14654. Recipient address rejected: Access denied. Incorrect email: hjvfirf25@mail.ru
2021-04-21 09:30:31 INFO  EmailServiceImpl:78 - ID: 14658. Recipient address rejected: Access denied. Incorrect email: jchvfjdh@mail.ru
2021-04-21 09:30:31 INFO  EmailServiceImpl:78 - ID: 14676. Recipient address rejected: Access denied. Incorrect email: talon19931@mail.ru
2021-04-21 09:30:31 INFO  EmailServiceImpl:78 - ID: 14693. Recipient address rejected: Access denied. Incorrect email: cgft@mail.ru
2021-04-21 09:30:31 INFO  EmailServiceImpl:78 - ID: 14703. Recipient address rejected: Access denied. Incorrect email: 12345@mail.ru
2021-04-21 09:30:31 INFO  EmailServiceImpl:78 - ID: 14730. Recipient address rejected: Access denied. Incorrect email: miknalchenko_66@mail.ru
2021-04-21 09:30:31 INFO  EmailServiceImpl:78 - ID: 14784. Recipient address rejected: Access denied. Incorrect email: gera920@bk.ru
2021-04-21 09:30:31 INFO  EmailServiceImpl:78 - ID: 14830. Recipient address rejected: Access denied. Incorrect email: HJVFIRF25@MAIL.RU
2021-04-21 09:30:31 INFO  EmailServiceImpl:78 - ID: 14864. Recipient address rejected: Access denied. Incorrect email: 9164010807@mail.ru
2021-04-21 09:30:31 INFO  EmailServiceImpl:78 - ID: 14867. Recipient address rejected: Access denied. Incorrect email: gauzmolnd@mail.ru
2021-04-21 09:30:31 INFO  EmailServiceImpl:68 - ID: 14906. Incorrect email: _@_.__tsav.el
2021-04-21 09:30:31 INFO  EmailServiceImpl:78 - ID: 14935. Recipient address rejected: Access denied. Incorrect email: buligina58@mail.ru
2021-04-21 09:30:31 INFO  EmailServiceImpl:78 - ID: 14939. Recipient address rejected: Access denied. Incorrect email: marina-rozaa@mail.ru
2021-04-21 09:30:31 INFO  EmailServiceImpl:78 - ID: 14983. Recipient address rejected: Access denied. Incorrect email: franzeva30121987@bk.ru
2021-04-21 09:30:32 INFO  EmailServiceImpl:78 - ID: 14992. Recipient address rejected: Access denied. Incorrect email: example@mail.ru
2021-04-21 09:30:32 INFO  EmailServiceImpl:78 - ID: 15019. Recipient address rejected: Access denied. Incorrect email: 89152404209@mail.ru
2021-04-21 09:30:32 INFO  EmailServiceImpl:78 - ID: 16035. Recipient address rejected: Access denied. Incorrect email: 010858@bk.ru
2021-04-21 09:30:32 INFO  EmailServiceImpl:78 - ID: 16042. Recipient address rejected: Access denied. Incorrect email: rjkh@mail.ru
2021-04-21 09:30:32 INFO  EmailServiceImpl:78 - ID: 16052. Recipient address rejected: Access denied. Incorrect email: alna.arkhipova.00@bk.ru
2021-04-21 09:30:32 INFO  EmailServiceImpl:78 - ID: 16076. Recipient address rejected: Access denied. Incorrect email: usbelova@ntbroker.ru
2021-04-21 09:30:32 INFO  EmailServiceImpl:78 - ID: 840. Recipient address rejected: Access denied. Incorrect email: 7996@mail.ru
2021-04-21 09:30:32 INFO  EmailServiceImpl:78 - ID: 16096. Recipient address rejected: Access denied. Incorrect email: example@mail.ru
2021-04-21 09:30:32 INFO  EmailServiceImpl:78 - ID: 9945. Recipient address rejected: Access denied. Incorrect email: hjvfirf25@mail.ru
2021-04-21 09:30:32 INFO  EmailServiceImpl:68 - ID: 9979. Incorrect email: _@_.__yulb.il
2021-04-21 09:30:32 INFO  EmailServiceImpl:78 - ID: 9994. Recipient address rejected: Access denied. Incorrect email: vonovo75@inbox.ru
2021-04-21 09:30:32 INFO  EmailServiceImpl:78 - ID: 16150. Recipient address rejected: Access denied. Incorrect email: 9164709357@mail.ru
2021-04-21 09:30:32 INFO  EmailServiceImpl:78 - ID: 16162. Recipient address rejected: Access denied. Incorrect email: ggbjs@mail.ru
2021-04-21 09:30:32 INFO  EmailServiceImpl:78 - ID: 16198. Recipient address rejected: Access denied. Incorrect email: gauzmolnd@mail.ru
2021-04-21 09:30:32 INFO  EmailServiceImpl:78 - ID: 16206. Recipient address rejected: Access denied. Incorrect email: 1111mail@list.ru
2021-04-21 09:30:33 INFO  EmailServiceImpl:78 - ID: 16255. Recipient address rejected: Access denied. Incorrect email: gordoenko1722@mail.ru
2021-04-21 09:30:33 INFO  EmailServiceImpl:78 - ID: 16348. Recipient address rejected: Access denied. Incorrect email: hjvfirf25@mail.ru
2021-04-21 09:30:33 INFO  EmailServiceImpl:78 - ID: 16352. Recipient address rejected: Access denied. Incorrect email: marina.subboina.94@inbox.ru
2021-04-21 09:30:33 INFO  EmailServiceImpl:78 - ID: 16360. Recipient address rejected: Access denied. Incorrect email: lenabelaeva359@gmail.com
2021-04-21 09:30:33 INFO  EmailServiceImpl:78 - ID: 16433. Recipient address rejected: Access denied. Incorrect email: jgljitnvoghop@mail.ru
2021-04-21 09:30:33 INFO  EmailServiceImpl:78 - ID: 10388. Recipient address rejected: Access denied. Incorrect email: example@mail.ru
2021-04-21 09:30:33 INFO  EmailServiceImpl:78 - ID: 16520. Recipient address rejected: Access denied. Incorrect email: lidiya_novikova_1958@mail.ru
2021-04-21 09:30:33 INFO  EmailServiceImpl:78 - ID: 16542. Recipient address rejected: Access denied. Incorrect email: rb7uk9@mfil.ru
2021-04-21 09:30:33 INFO  EmailServiceImpl:78 - ID: 16577. Recipient address rejected: Access denied. Incorrect email: popov.sashs.1969@mail.ru
2021-04-21 09:30:33 INFO  EmailServiceImpl:68 - ID: 16585. Incorrect email: _@_.__t.do
2021-04-21 09:30:33 INFO  EmailServiceImpl:78 - ID: 16596. Recipient address rejected: Access denied. Incorrect email: HJVFIRF25@MAIL.RU
2021-04-21 09:30:33 INFO  EmailServiceImpl:68 - ID: 16605. Incorrect email: _@_.__fish.ka
2021-04-21 09:30:33 INFO  EmailServiceImpl:78 - ID: 16611. Recipient address rejected: Access denied. Incorrect email: igoluv@bk.ru
2021-04-21 09:30:33 INFO  EmailServiceImpl:78 - ID: 16615. Recipient address rejected: Access denied. Incorrect email: ecdb.kp@yandex.ru
2021-04-21 09:30:33 INFO  EmailServiceImpl:78 - ID: 16663. Recipient address rejected: Access denied. Incorrect email: 79060763510@mail.ru
2021-04-21 09:30:34 INFO  EmailServiceImpl:78 - ID: 16682. Recipient address rejected: Access denied. Incorrect email: aasaq@mail.ru
2021-04-21 09:30:34 INFO  EmailServiceImpl:68 - ID: 16699. Incorrect email: _@_.__zoas.us
2021-04-21 09:30:34 INFO  EmailServiceImpl:68 - ID: 1859. Incorrect email: _@_.__morm.ul
2021-04-21 09:30:34 INFO  EmailServiceImpl:78 - ID: 16724. Recipient address rejected: Access denied. Incorrect email: VILLOMOVVI@GMAIL.COM
2021-04-21 09:30:34 INFO  EmailServiceImpl:68 - ID: 16759. Incorrect email: yuliya.sinelnikova87@_mail.ru
2021-04-21 09:30:34 INFO  EmailServiceImpl:78 - ID: 16861. Recipient address rejected: Access denied. Incorrect email: gauzmolnd@mail.ru
2021-04-21 09:30:34 INFO  EmailServiceImpl:78 - ID: 16874. Recipient address rejected: Access denied. Incorrect email: bolukova55@mail.ru
2021-04-21 09:30:34 INFO  EmailServiceImpl:78 - ID: 16878. Recipient address rejected: Access denied. Incorrect email: maiskya1985@mail.ru
2021-04-21 09:30:34 INFO  EmailServiceImpl:78 - ID: 16883. Recipient address rejected: Access denied. Incorrect email: VronskaN@mail.ru
2021-04-21 09:30:34 INFO  EmailServiceImpl:78 - ID: 16921. Recipient address rejected: Access denied. Incorrect email: viktorovpa@bk.ru
2021-04-21 09:30:34 INFO  EmailServiceImpl:78 - ID: 16944. Recipient address rejected: Access denied. Incorrect email: 7312014@mail.ru
2021-04-21 09:30:34 INFO  EmailServiceImpl:78 - ID: 16969. Recipient address rejected: Access denied. Incorrect email: anechka.topa@mail.ru
2021-04-21 09:30:34 INFO  EmailServiceImpl:78 - ID: 17008. Recipient address rejected: Access denied. Incorrect email: alexandra@mail.ru
2021-04-21 09:30:34 INFO  EmailServiceImpl:68 - ID: 17020. Incorrect email: adzuieta3@gmail.cjm
2021-04-21 09:30:34 INFO  EmailServiceImpl:78 - ID: 17021. Recipient address rejected: Access denied. Incorrect email: miss.blendomedova@yandex.ru
2021-04-21 09:30:34 INFO  EmailServiceImpl:78 - ID: 17032. Recipient address rejected: Access denied. Incorrect email: example@mail.ru
2021-04-21 09:30:34 INFO  EmailServiceImpl:78 - ID: 17056. Recipient address rejected: Access denied. Incorrect email: zanna@gmail.com
2021-04-21 09:30:34 INFO  EmailServiceImpl:68 - ID: 17061. Incorrect email: Umbrella1990@mail.rug
2021-04-21 09:30:34 INFO  EmailServiceImpl:78 - ID: 17066. Recipient address rejected: Access denied. Incorrect email: 9037071606@mail.ru
2021-04-21 09:30:35 INFO  EmailServiceImpl:78 - ID: 17192. Recipient address rejected: Access denied. Incorrect email: hjvfirf25@mail.ru
2021-04-21 09:30:35 INFO  EmailServiceImpl:78 - ID: 17209. Recipient address rejected: Access denied. Incorrect email: jljzueva@rambler.ru
2021-04-21 09:30:35 INFO  EmailServiceImpl:78 - ID: 17259. Recipient address rejected: Access denied. Incorrect email: gauzmolnd@mail.ru
2021-04-21 09:30:35 INFO  EmailServiceImpl:78 - ID: 17273. Recipient address rejected: Access denied. Incorrect email: irinka.voinovish@mail.ru
2021-04-21 09:30:35 INFO  EmailServiceImpl:78 - ID: 17312. Recipient address rejected: Access denied. Incorrect email: 925270-45-26@mail.ru
2021-04-21 09:30:35 INFO  EmailServiceImpl:78 - ID: 17316. Recipient address rejected: Access denied. Incorrect email: 68@mail.ru
2021-04-21 09:30:35 INFO  EmailServiceImpl:78 - ID: 17387. Recipient address rejected: Access denied. Incorrect email: 9258435702@mail.ru
2021-04-21 09:30:35 INFO  EmailServiceImpl:68 - ID: 17389. Incorrect email: YULIYA.YURINA.92@MAIL.RY
2021-04-21 09:30:35 INFO  EmailServiceImpl:78 - ID: 17410. Recipient address rejected: Access denied. Incorrect email: fatimahuseyin@mail.ru
2021-04-21 09:30:35 INFO  EmailServiceImpl:78 - ID: 17422. Recipient address rejected: Access denied. Incorrect email: ilyena87@mail.ru
2021-04-21 09:30:35 INFO  EmailServiceImpl:78 - ID: 17423. Recipient address rejected: Access denied. Incorrect email: 9852567506@rambler.ru
2021-04-21 09:30:35 INFO  EmailServiceImpl:68 - ID: 17432. Incorrect email: _@_.__gnas.ty
2021-04-21 09:30:35 INFO  EmailServiceImpl:78 - ID: 1775. Recipient address rejected: Access denied. Incorrect email: gauzmolnd@mail.ru
2021-04-21 09:30:35 INFO  EmailServiceImpl:68 - ID: 17497. Incorrect email: kimmarina33@yandex.ry
2021-04-21 09:30:35 INFO  EmailServiceImpl:78 - ID: 17517. Recipient address rejected: Access denied. Incorrect email: igoluv@bk.ru
2021-04-21 09:30:35 INFO  EmailServiceImpl:78 - ID: 17533. Recipient address rejected: Access denied. Incorrect email: example@mail.ru
2021-04-21 09:30:35 INFO  EmailServiceImpl:78 - ID: 17565. Recipient address rejected: Access denied. Incorrect email: boris.martya@mail.ru
2021-04-21 09:30:36 INFO  EmailServiceImpl:78 - ID: 17616. Recipient address rejected: Access denied. Incorrect email: HJVFIRF25@MAIL.RU
2021-04-21 09:30:36 INFO  EmailServiceImpl:78 - ID: 17627. Recipient address rejected: Access denied. Incorrect email: 2pac@mail.ru
2021-04-21 09:30:36 INFO  EmailServiceImpl:78 - ID: 17628. Recipient address rejected: Access denied. Incorrect email: HJVFIRF25@MAIL.RU
2021-04-21 09:30:36 INFO  EmailServiceImpl:78 - ID: 17631. Recipient address rejected: Access denied. Incorrect email: 89997150792@bk.ru
2021-04-21 09:30:36 INFO  EmailServiceImpl:68 - ID: 17665. Incorrect email: _@_.__sash.ap
2021-04-21 09:30:36 INFO  EmailServiceImpl:68 - ID: 17714. Incorrect email: zaikaxx_87@mail.ry
2021-04-21 09:30:36 INFO  EmailServiceImpl:68 - ID: 17715. Incorrect email: igorechik 1963@mail.ru
2021-04-21 09:30:36 INFO  EmailServiceImpl:78 - ID: 17717. Recipient address rejected: Access denied. Incorrect email: anna.luza.saidova@mail.ru
2021-04-21 09:30:36 INFO  EmailServiceImpl:78 - ID: 17733. Recipient address rejected: Access denied. Incorrect email: po1lrb1@yandex.ru
2021-04-21 09:30:36 INFO  EmailServiceImpl:78 - ID: 17734. Recipient address rejected: Access denied. Incorrect email: cohtcur1975@mail.ru
2021-04-21 09:30:36 INFO  EmailServiceImpl:78 - ID: 17752. Recipient address rejected: Access denied. Incorrect email: trewjgdu@mail.ru
2021-04-21 09:30:36 INFO  EmailServiceImpl:78 - ID: 17774. Recipient address rejected: Access denied. Incorrect email: example@mail.ru
2021-04-21 09:30:36 INFO  EmailServiceImpl:78 - ID: 17786. Recipient address rejected: Access denied. Incorrect email: vera-v-povedy@yandex.ru
2021-04-21 09:30:36 INFO  EmailServiceImpl:78 - ID: 17801. Recipient address rejected: Access denied. Incorrect email: VILLOMOVVI@GMAIL.COM
2021-04-21 09:30:36 INFO  EmailServiceImpl:78 - ID: 17803. Recipient address rejected: Access denied. Incorrect email: example@mail.ru
2021-04-21 09:30:36 INFO  EmailServiceImpl:68 - ID: 17817. Incorrect email: ruslykov.57@mail.rv
2021-04-21 09:30:36 INFO  EmailServiceImpl:78 - ID: 17826. Recipient address rejected: Access denied. Incorrect email: frolovababa13@mail.ru
2021-04-21 09:30:36 INFO  EmailServiceImpl:78 - ID: 17842. Recipient address rejected: Access denied. Incorrect email: example@mail.ru
2021-04-21 09:30:36 INFO  EmailServiceImpl:68 - ID: 17863. Incorrect email: igorcupak20.@gmail.com
2021-04-21 09:30:36 INFO  EmailServiceImpl:68 - ID: 17890. Incorrect email: eshestakova0211@mail.tu
2021-04-21 09:30:37 INFO  EmailServiceImpl:78 - ID: 17899. Recipient address rejected: Access denied. Incorrect email: slavastarostin@mail.ru
2021-04-21 09:30:37 INFO  EmailServiceImpl:68 - ID: 17913. Incorrect email: ilias.odon@yandex.ry
2021-04-21 09:30:37 INFO  EmailServiceImpl:78 - ID: 17916. Recipient address rejected: Access denied. Incorrect email: dyvidasheva2016@mail.ru
2021-04-21 09:30:37 INFO  EmailServiceImpl:78 - ID: 9544. Recipient address rejected: Access denied. Incorrect email: NOAGRESS@MAIL.RU
2021-04-21 09:30:37 INFO  EmailServiceImpl:78 - ID: 9566. Recipient address rejected: Access denied. Incorrect email: sergeeva@mail.ru
2021-04-21 09:30:37 INFO  EmailServiceImpl:78 - ID: 9588. Recipient address rejected: Access denied. Incorrect email: ghjhmjh@rambler.ru
2021-04-21 09:30:37 INFO  EmailServiceImpl:78 - ID: 9635. Recipient address rejected: Access denied. Incorrect email: ankakoa@mail.ru
2021-04-21 09:30:37 INFO  EmailServiceImpl:78 - ID: 9644. Recipient address rejected: Access denied. Incorrect email: example@mail.ru
2021-04-21 09:30:37 INFO  EmailServiceImpl:78 - ID: 9666. Recipient address rejected: Access denied. Incorrect email: logacheva_89@bc.ru
2021-04-21 09:30:37 INFO  EmailServiceImpl:78 - ID: 9667. Recipient address rejected: Access denied. Incorrect email: lyudmila-loginovskaya@mail.ru
2021-04-21 09:30:37 INFO  EmailServiceImpl:78 - ID: 9694. Recipient address rejected: Access denied. Incorrect email: example@mail.ru
2021-04-21 09:30:37 INFO  EmailServiceImpl:78 - ID: 9716. Recipient address rejected: Access denied. Incorrect email: sawosinae@aldo.ru
2021-04-21 09:30:37 INFO  EmailServiceImpl:78 - ID: 9749. Recipient address rejected: Access denied. Incorrect email: psp101079@gmail.com
2021-04-21 09:30:37 INFO  EmailServiceImpl:78 - ID: 9767. Recipient address rejected: Access denied. Incorrect email: dasha-yudina-01@mail.ru
2021-04-21 09:30:37 INFO  EmailServiceImpl:78 - ID: 9791. Recipient address rejected: Access denied. Incorrect email: example@mail.ru
2021-04-21 09:30:37 INFO  EmailServiceImpl:78 - ID: 9793. Recipient address rejected: Access denied. Incorrect email: hjvfirf25@mail.ru
2021-04-21 09:30:38 INFO  EmailServiceImpl:78 - ID: 9921. Recipient address rejected: Access denied. Incorrect email: romashka89167832888@andex.ru
2021-04-21 09:30:38 INFO  EmailServiceImpl:78 - ID: 3087. Recipient address rejected: Access denied. Incorrect email: 9998425923@mail.ru
2021-04-21 09:30:38 INFO  EmailServiceImpl:78 - ID: 2906. Recipient address rejected: Access denied. Incorrect email: v-chasov@bk.ru
2021-04-21 09:30:38 INFO  EmailServiceImpl:78 - ID: 2818. Recipient address rejected: Access denied. Incorrect email: HJVFIRF25@MAIL.RU
2021-04-21 09:30:38 INFO  EmailServiceImpl:68 - ID: 2844. Incorrect email: _@_.__elya.cr
2021-04-21 09:30:38 INFO  EmailServiceImpl:78 - ID: 3008. Recipient address rejected: Access denied. Incorrect email: mashehka.shatokhina@bk.ru
2021-04-21 09:30:38 INFO  EmailServiceImpl:78 - ID: 3036. Recipient address rejected: Access denied. Incorrect email: shikina89@mail.ru
2021-04-21 09:30:38 INFO  EmailServiceImpl:78 - ID: 2958. Recipient address rejected: Access denied. Incorrect email: globaln1@bk.ru
2021-04-21 09:30:38 INFO  EmailServiceImpl:78 - ID: 2969. Recipient address rejected: Access denied. Incorrect email: SYMANOVAKATERINA1@GMAIL.COM
2021-04-21 09:30:38 INFO  EmailServiceImpl:78 - ID: 2634. Recipient address rejected: Access denied. Incorrect email: nrbdtik1113@mail.ru
2021-04-21 09:30:38 INFO  EmailServiceImpl:78 - ID: 2666. Recipient address rejected: Access denied. Incorrect email: ireeeeeen@mail.ru
2021-04-21 09:30:38 INFO  EmailServiceImpl:78 - ID: 2604. Recipient address rejected: Access denied. Incorrect email: chekush2017@mail.ru
2021-04-21 09:30:38 INFO  EmailServiceImpl:68 - ID: 2766. Incorrect email: _@_.__serg.ey
2021-04-21 09:30:38 INFO  EmailServiceImpl:78 - ID: 2761. Recipient address rejected: Access denied. Incorrect email: example@mail.ru
2021-04-21 09:30:38 INFO  EmailServiceImpl:78 - ID: 2713. Recipient address rejected: Access denied. Incorrect email: umyarov01@bk.ru
2021-04-21 09:30:38 INFO  EmailServiceImpl:78 - ID: 2726. Recipient address rejected: Access denied. Incorrect email: tpecin@mail.ru
2021-04-21 09:30:39 INFO  EmailServiceImpl:78 - ID: 2323. Recipient address rejected: Access denied. Incorrect email: vrachamb@mail.ru
2021-04-21 09:30:39 INFO  EmailServiceImpl:78 - ID: 2356. Recipient address rejected: Access denied. Incorrect email: hjvfirf25@mail.ru
2021-04-21 09:30:39 INFO  EmailServiceImpl:78 - ID: 2359. Recipient address rejected: Access denied. Incorrect email: ecdb.kp@yandex.ru
2021-04-21 09:30:39 INFO  EmailServiceImpl:78 - ID: 2516. Recipient address rejected: Access denied. Incorrect email: testmosreg@mail.ru
2021-04-21 09:30:39 INFO  EmailServiceImpl:78 - ID: 2535. Recipient address rejected: Access denied. Incorrect email: katty_seva@mai.ru
2021-04-21 09:30:39 INFO  EmailServiceImpl:68 - ID: 2471. Incorrect email: samaist@yandex
2021-04-21 09:30:39 INFO  EmailServiceImpl:78 - ID: 2170. Recipient address rejected: Access denied. Incorrect email: uny@mail.ru
2021-04-21 09:30:39 INFO  EmailServiceImpl:78 - ID: 2066. Recipient address rejected: Access denied. Incorrect email: 7312014@mail.ru
2021-04-21 09:30:39 INFO  EmailServiceImpl:78 - ID: 2240. Recipient address rejected: Access denied. Incorrect email: 326-03-45@mail.ru
2021-04-21 09:30:39 INFO  EmailServiceImpl:78 - ID: 2207. Recipient address rejected: Access denied. Incorrect email: holostovaolesya@mail.ru
2021-04-21 09:30:39 INFO  EmailServiceImpl:78 - ID: 2194. Recipient address rejected: Access denied. Incorrect email: uuu@mail.ru
2021-04-21 09:30:39 INFO  EmailServiceImpl:78 - ID: 1867. Recipient address rejected: Access denied. Incorrect email: koshlk.oksanka@mail.ru
2021-04-21 09:30:39 INFO  EmailServiceImpl:78 - ID: 1885. Recipient address rejected: Access denied. Incorrect email: kolbasa12011986@mail.ru
2021-04-21 09:30:39 INFO  EmailServiceImpl:78 - ID: 1879. Recipient address rejected: Access denied. Incorrect email: 89057666488@mail.ru
2021-04-21 09:30:39 INFO  EmailServiceImpl:68 - ID: 1889. Incorrect email: murassanova89.@mail.ru
2021-04-21 09:30:39 INFO  EmailServiceImpl:78 - ID: 1907. Recipient address rejected: Access denied. Incorrect email: example@mail.ru
2021-04-21 09:30:40 INFO  EmailServiceImpl:78 - ID: 1936. Recipient address rejected: Access denied. Incorrect email: example@mail.ru
2021-04-21 09:30:40 INFO  EmailServiceImpl:78 - ID: 1938. Recipient address rejected: Access denied. Incorrect email: naumkina1972@inbox.ru
2021-04-21 09:30:40 INFO  EmailServiceImpl:78 - ID: 1960. Recipient address rejected: Access denied. Incorrect email: tatyanaishkova@rambler.ru
2021-04-21 09:30:40 INFO  EmailServiceImpl:68 - ID: 1980. Incorrect email: _@_.__kino.ch
2021-04-21 09:30:40 INFO  EmailServiceImpl:78 - ID: 1614. Recipient address rejected: Access denied. Incorrect email: hjvfirf25@mail.ru
2021-04-21 09:30:40 INFO  EmailServiceImpl:78 - ID: 1609. Recipient address rejected: Access denied. Incorrect email: hjvfirf25@mail.ru
2021-04-21 09:30:40 INFO  EmailServiceImpl:68 - ID: 1648. Incorrect email: _@_.__ketl.eg
2021-04-21 09:30:40 INFO  EmailServiceImpl:78 - ID: 1649. Recipient address rejected: Access denied. Incorrect email: lubov9118@mail.ru
2021-04-21 09:30:40 INFO  EmailServiceImpl:78 - ID: 1565. Recipient address rejected: Access denied. Incorrect email: Lapshanat@ro.ru
2021-04-21 09:30:40 INFO  EmailServiceImpl:78 - ID: 1743. Recipient address rejected: Access denied. Incorrect email: example@mail.ru
2021-04-21 09:30:40 INFO  EmailServiceImpl:78 - ID: 1788. Recipient address rejected: Access denied. Incorrect email: 123@mail.ru
2021-04-21 09:30:40 INFO  EmailServiceImpl:78 - ID: 1672. Recipient address rejected: Access denied. Incorrect email: aaaaaa@mail.ru
2021-04-21 09:30:40 INFO  EmailServiceImpl:78 - ID: 1669. Recipient address rejected: Access denied. Incorrect email: example@mail.ru
2021-04-21 09:30:40 INFO  EmailServiceImpl:68 - ID: 1711. Incorrect email: _@_.__lina.ya
2021-04-21 09:30:40 INFO  EmailServiceImpl:78 - ID: 1700. Recipient address rejected: Access denied. Incorrect email: 6643868@inbox.ru
2021-04-21 09:30:40 INFO  EmailServiceImpl:78 - ID: 1344. Recipient address rejected: Access denied. Incorrect email: nastena.sazonova.1992@mail.ru
2021-04-21 09:30:40 INFO  EmailServiceImpl:78 - ID: 1345. Recipient address rejected: Access denied. Incorrect email: 89175867904@mail.ru
2021-04-21 09:30:41 INFO  EmailServiceImpl:78 - ID: 1363. Recipient address rejected: Access denied. Incorrect email: 1310205@MAIL.RU
2021-04-21 09:30:41 INFO  EmailServiceImpl:68 - ID: 1387. Incorrect email: _@_.__vv.ba
2021-04-21 09:30:41 INFO  EmailServiceImpl:78 - ID: 1406. Recipient address rejected: Access denied. Incorrect email: lerchik-perchik123@rambler.ru
2021-04-21 09:30:41 INFO  EmailServiceImpl:78 - ID: 1402. Recipient address rejected: Access denied. Incorrect email: e.dovgaluk2018@yandex.ru
2021-04-21 09:30:41 INFO  EmailServiceImpl:78 - ID: 1396. Recipient address rejected: Access denied. Incorrect email: vyacheslav.korchagin@rambler.ru
2021-04-21 09:30:41 INFO  EmailServiceImpl:78 - ID: 1320. Recipient address rejected: Access denied. Incorrect email: gauzmolnd@mail.ru
2021-04-21 09:30:41 INFO  EmailServiceImpl:78 - ID: 1334. Recipient address rejected: Access denied. Incorrect email: lenok.komat@yandex.ru
2021-04-21 09:30:41 INFO  EmailServiceImpl:78 - ID: 1519. Recipient address rejected: Access denied. Incorrect email: sergeikupcow@mail.ru
2021-04-21 09:30:41 INFO  EmailServiceImpl:78 - ID: 1524. Recipient address rejected: Access denied. Incorrect email: kurganovkii-2011@mail.ru
2021-04-21 09:30:41 INFO  EmailServiceImpl:78 - ID: 1465. Recipient address rejected: Access denied. Incorrect email: kudryatseva_valerochka@list.ru
2021-04-21 09:30:41 INFO  EmailServiceImpl:78 - ID: 1103. Recipient address rejected: Access denied. Incorrect email: belikova.nata96@mai.ru
2021-04-21 09:30:41 INFO  EmailServiceImpl:78 - ID: 1029. Recipient address rejected: Access denied. Incorrect email: zakhartsova81@mail.ru
2021-04-21 09:30:41 INFO  EmailServiceImpl:78 - ID: 1057. Recipient address rejected: Access denied. Incorrect email: miss.zobova-natalia@andex.ru
2021-04-21 09:30:41 INFO  EmailServiceImpl:78 - ID: 1085. Recipient address rejected: Access denied. Incorrect email: example@mail.ru
2021-04-21 09:30:41 INFO  EmailServiceImpl:78 - ID: 1086. Recipient address rejected: Access denied. Incorrect email: anya-kanaeva@mail.ru
2021-04-21 09:30:42 INFO  EmailServiceImpl:78 - ID: 1074. Recipient address rejected: Access denied. Incorrect email: ksukat777@qmail.com
2021-04-21 09:30:42 INFO  EmailServiceImpl:78 - ID: 1243. Recipient address rejected: Access denied. Incorrect email: nadya_meow130799@mail.ru
2021-04-21 09:30:42 INFO  EmailServiceImpl:78 - ID: 1234. Recipient address rejected: Access denied. Incorrect email: alesya.kaymova@yandex.ru
2021-04-21 09:30:42 INFO  EmailServiceImpl:78 - ID: 1248. Recipient address rejected: Access denied. Incorrect email: AA9166046761@MAIL.RU
2021-04-21 09:30:42 INFO  EmailServiceImpl:68 - ID: 1183. Incorrect email: _@_.__lyss.in
2021-04-21 09:30:42 INFO  EmailServiceImpl:78 - ID: 1199. Recipient address rejected: Access denied. Incorrect email: KARGINA.VIKO.21@MAIL.RU
2021-04-21 09:30:42 INFO  EmailServiceImpl:78 - ID: 772. Recipient address rejected: Access denied. Incorrect email: 9091635029@gmail.com
2021-04-21 09:30:42 INFO  EmailServiceImpl:78 - ID: 981. Recipient address rejected: Access denied. Incorrect email: rionzuwc@rambler.ru
2021-04-21 09:30:42 INFO  EmailServiceImpl:78 - ID: 992. Recipient address rejected: Access denied. Incorrect email: ffdsxs@yandex.ru
2021-04-21 09:30:42 INFO  EmailServiceImpl:78 - ID: 899. Recipient address rejected: Access denied. Incorrect email: iragromovs466@gmail.com
2021-04-21 09:30:42 INFO  EmailServiceImpl:78 - ID: 922. Recipient address rejected: Access denied. Incorrect email: aaerhova@bk.ru
2021-04-21 09:30:42 INFO  EmailServiceImpl:68 - ID: 917. Incorrect email: elena.krsh.@gmail.ru
2021-04-21 09:30:42 INFO  EmailServiceImpl:78 - ID: 915. Recipient address rejected: Access denied. Incorrect email: ivanova-svetlana-96@bk.ru
2021-04-21 09:30:42 INFO  EmailServiceImpl:78 - ID: 605. Recipient address rejected: Access denied. Incorrect email: ggbjs@mail.ru
2021-04-21 09:30:42 INFO  EmailServiceImpl:78 - ID: 602. Recipient address rejected: Access denied. Incorrect email: Ienochka.garifulina@bk.ru
2021-04-21 09:30:42 INFO  EmailServiceImpl:78 - ID: 629. Recipient address rejected: Access denied. Incorrect email: ho22assassin@mail.ru
2021-04-21 09:30:42 INFO  EmailServiceImpl:78 - ID: 728. Recipient address rejected: Access denied. Incorrect email: www.gorelova@evg.ru
2021-04-21 09:30:42 INFO  EmailServiceImpl:68 - ID: 756. Incorrect email: _@_.__bynk.er
2021-04-21 09:30:43 INFO  EmailServiceImpl:78 - ID: 676. Recipient address rejected: Access denied. Incorrect email: elena-kuky@mail.ru
2021-04-21 09:30:43 INFO  EmailServiceImpl:78 - ID: 380. Recipient address rejected: Access denied. Incorrect email: 1bolit@mail.ru
2021-04-21 09:30:43 INFO  EmailServiceImpl:78 - ID: 262. Recipient address rejected: Access denied. Incorrect email: tu@mail.ru
2021-04-21 09:30:43 INFO  EmailServiceImpl:78 - ID: 287. Recipient address rejected: Access denied. Incorrect email: example@mail.ru
2021-04-21 09:30:43 INFO  EmailServiceImpl:68 - ID: 282. Incorrect email: _@_.__nata.li
2021-04-21 09:30:43 INFO  EmailServiceImpl:78 - ID: 312. Recipient address rejected: Access denied. Incorrect email: ARDOGANI@MAIL.RU
2021-04-21 09:30:43 INFO  EmailServiceImpl:78 - ID: 464. Recipient address rejected: Access denied. Incorrect email: qwer@ya.ru
2021-04-21 09:30:43 INFO  EmailServiceImpl:78 - ID: 466. Recipient address rejected: Access denied. Incorrect email: lenyuska@mail.ru
2021-04-21 09:30:43 INFO  EmailServiceImpl:78 - ID: 492. Recipient address rejected: Access denied. Incorrect email: pavel.vinojurov.86@mail.ru
2021-04-21 09:30:43 INFO  EmailServiceImpl:78 - ID: 480. Recipient address rejected: Access denied. Incorrect email: marinaverba0@qmail.com
2021-04-21 09:30:43 INFO  EmailServiceImpl:78 - ID: 481. Recipient address rejected: Access denied. Incorrect email: czentop@mail.ru
2021-04-21 09:30:43 INFO  EmailServiceImpl:78 - ID: 504. Recipient address rejected: Access denied. Incorrect email: vlasona2@mail.ru
2021-04-21 09:30:43 INFO  EmailServiceImpl:78 - ID: 506. Recipient address rejected: Access denied. Incorrect email: vlasova@yandex.ru
2021-04-21 09:30:43 INFO  EmailServiceImpl:78 - ID: 419. Recipient address rejected: Access denied. Incorrect email: bushmavovanabatchikova@mail.ru
2021-04-21 09:30:43 INFO  EmailServiceImpl:68 - ID: 444. Incorrect email: _@_.__tata.la
2021-04-21 09:30:43 INFO  EmailServiceImpl:78 - ID: 68. Recipient address rejected: Access denied. Incorrect email: gauzmolnd@mail.ru
2021-04-21 09:30:44 INFO  EmailServiceImpl:78 - ID: 82. Recipient address rejected: Access denied. Incorrect email: example@mail.ru
2021-04-21 09:30:44 INFO  EmailServiceImpl:78 - ID: 118. Recipient address rejected: Access denied. Incorrect email: www.jhh_198@mail.ru
2021-04-21 09:30:44 INFO  EmailServiceImpl:78 - ID: 28. Recipient address rejected: Access denied. Incorrect email: HJVFIRF25@MAIL.RU
2021-04-21 09:30:44 INFO  EmailServiceImpl:78 - ID: 44. Recipient address rejected: Access denied. Incorrect email: 04shigina@mail.com
2021-04-21 09:30:44 INFO  EmailServiceImpl:78 - ID: 239. Recipient address rejected: Access denied. Incorrect email: rsinatyllovna@gmail.com
2021-04-21 09:30:44 INFO  EmailServiceImpl:78 - ID: 138. Recipient address rejected: Access denied. Incorrect email: catya.anokhina2001@yandex.ru
2021-04-21 09:30:44 INFO  EmailServiceImpl:78 - ID: 152. Recipient address rejected: Access denied. Incorrect email: kdkdhejdsu@mail.ru
2021-04-21 09:30:44 INFO  EmailServiceImpl:78 - ID: 172. Recipient address rejected: Access denied. Incorrect email: dyerb5231412@mail.ru
2021-04-21 09:30:44 INFO  EmailServiceImpl:78 - ID: 161. Recipient address rejected: Access denied. Incorrect email: ninaarzubova130781@mail.ru
2021-04-21 09:30:44 INFO  EmailServiceImpl:82 - Number of unsent messages: 229.
INFO: You can see this users by: 10.3.124.13:2220/questionnaire/mail/error/user
2021-04-21 09:33:20 INFO  EmailServiceImpl:78 - ID: 16025. Recipient address rejected: Access denied. Incorrect email: example@mail.ru
2021-04-21 09:33:26 INFO  EmailServiceImpl:68 - ID: 14531. Incorrect email: _@_.__dani.lk
2021-04-21 09:33:28 INFO  EmailServiceImpl:68 - ID: 14594. Incorrect email: 7(916)124-60-64@mail.ru
2021-04-21 09:33:30 INFO  EmailServiceImpl:68 - ID: 14595. Incorrect email: irinavoennova @email.ru
2021-04-21 09:33:34 INFO  EmailServiceImpl:78 - ID: 14616. Recipient address rejected: Access denied. Incorrect email: pecenina86@mail.ru
2021-04-21 09:37:54 INFO  EmailServiceImpl:78 - ID: 16029. Recipient address rejected: Access denied. Incorrect email: ananeva.vv@mail.ru
2021-04-21 09:39:45 INFO  EmailServiceImpl:78 - ID: 14654. Recipient address rejected: Access denied. Incorrect email: hjvfirf25@mail.ru
2021-04-21 09:45:37 INFO  EmailServiceImpl:78 - ID: 14658. Recipient address rejected: Access denied. Incorrect email: jchvfjdh@mail.ru
2021-04-21 09:48:04 INFO  EmailServiceImpl:78 - ID: 14676. Recipient address rejected: Access denied. Incorrect email: talon19931@mail.ru
2021-04-21 09:55:27 INFO  EmailServiceImpl:78 - ID: 14693. Recipient address rejected: Access denied. Incorrect email: cgft@mail.ru
2021-04-21 09:58:22 INFO  EmailServiceImpl:78 - ID: 14703. Recipient address rejected: Access denied. Incorrect email: 12345@mail.ru
2021-04-21 09:58:22 INFO  EmailServiceImpl:78 - ID: 14730. Recipient address rejected: Access denied. Incorrect email: miknalchenko_66@mail.ru
2021-04-28 08:35:20 INFO  RatingController:57 - Questionnaire already done
2021-04-28 08:38:49 INFO  RatingController:70 - User UUID doesn't found
2021-04-28 08:39:16 INFO  RatingController:70 - User UUID doesn't found
2021-04-28 08:39:29 INFO  RatingController:57 - Questionnaire already done
2021-04-28 08:40:37 INFO  RatingController:52 - ID: 18651. Full name: Керничанский Владислав Маркович. Email: vladislavkernichansky@yandex.ru sent a questionnaire
2021-04-28 08:42:36 INFO  RatingController:53 - ID: 18651. Full name: Керничанский Владислав Маркович. Email: vladislavkernichansky@yandex.ru sent a questionnaire
2021-04-28 08:43:21 INFO  RatingController:58 - Questionnaire already done
2021-04-28 08:44:49 INFO  RatingController:71 - User UUID doesn't found
2021-04-28 08:45:52 INFO  RatingController:53 - ID: 18651. Full name: Керничанский Владислав Маркович. Email: vladislavkernichansky@yandex.ru sent a questionnaire
